TN:
SF:/Volumes/weipengcheng/npm-package/city-region/dist/webpack:/city-region/node_modules/.pnpm/registry.npmmirror.com+@vue+cli-service@5.0.1_@babel+core@7.21.4_babel-core@7.0.0-bridge.0_sa_yytmc2cewl53ahuc62fhs3ohjy/node_modules/@vue/cli-service/lib/commands/build/entry-lib.js
FNF:0
FNH:0
DA:3,1
LF:1
LH:1
BRF:0
BRH:0
end_of_record
TN:
SF:/Volumes/weipengcheng/npm-package/city-region/dist/webpack:/city-region/node_modules/.pnpm/registry.npmmirror.com+@vue+cli-service@5.0.1_@babel+core@7.21.4_babel-core@7.0.0-bridge.0_sa_yytmc2cewl53ahuc62fhs3ohjy/node_modules/@vue/cli-service/lib/commands/build/setPublicPath.js
FNF:0
FNH:0
DA:4,1
DA:5,1
DA:6,1
DA:16,1
DA:17,1
DA:18,0
DA:23,1
LF:7
LH:6
BRDA:4,0,0,1
BRDA:4,0,1,0
BRDA:6,1,0,0
BRDA:6,1,1,1
BRDA:16,2,0,1
BRDA:16,2,1,0
BRDA:17,3,0,0
BRDA:17,3,1,1
BRF:8
BRH:4
end_of_record
TN:
SF:/Volumes/weipengcheng/npm-package/city-region/dist/webpack:/city-region/node_modules/.pnpm/registry.npmmirror.com+@xlt-group+area-data@1.0.9/node_modules/@xlt-group/area-data/dist/esm/area_level_4.js
FNF:0
FNH:0
DA:1,1
LF:1
LH:1
BRF:0
BRH:0
end_of_record
TN:
SF:/Volumes/weipengcheng/npm-package/city-region/dist/webpack:/city-region/node_modules/.pnpm/registry.npmmirror.com+css-loader@6.8.1_webpack@5.88.1/node_modules/css-loader/dist/runtime/api.js
FN:7,(anonymous_6)
FN:11,toString
FN:12,(anonymous_8)
FN:39,i
FNF:4
FNH:1
FNDA:2,(anonymous_6)
FNDA:0,toString
FNDA:0,(anonymous_8)
FNDA:0,i
DA:7,1
DA:8,2
DA:11,2
DA:12,0
DA:13,0
DA:14,0
DA:15,0
DA:16,0
DA:18,0
DA:19,0
DA:21,0
DA:22,0
DA:24,0
DA:25,0
DA:26,0
DA:28,0
DA:29,0
DA:31,0
DA:32,0
DA:34,0
DA:39,2
DA:40,0
DA:41,0
DA:43,0
DA:44,0
DA:45,0
DA:46,0
DA:47,0
DA:48,0
DA:52,0
DA:53,0
DA:54,0
DA:55,0
DA:57,0
DA:58,0
DA:59,0
DA:61,0
DA:62,0
DA:65,0
DA:66,0
DA:67,0
DA:69,0
DA:70,0
DA:73,0
DA:74,0
DA:75,0
DA:77,0
DA:78,0
DA:81,0
DA:84,2
LF:50
LH:5
BRDA:15,0,0,0
BRDA:15,0,1,0
BRDA:18,1,0,0
BRDA:18,1,1,0
BRDA:21,2,0,0
BRDA:21,2,1,0
BRDA:22,3,0,0
BRDA:22,3,1,0
BRDA:25,4,0,0
BRDA:25,4,1,0
BRDA:28,5,0,0
BRDA:28,5,1,0
BRDA:31,6,0,0
BRDA:31,6,1,0
BRDA:40,7,0,0
BRDA:40,7,1,0
BRDA:44,8,0,0
BRDA:44,8,1,0
BRDA:47,9,0,0
BRDA:47,9,1,0
BRDA:54,10,0,0
BRDA:54,10,1,0
BRDA:54,11,0,0
BRDA:54,11,1,0
BRDA:57,12,0,0
BRDA:57,12,1,0
BRDA:58,13,0,0
BRDA:58,13,1,0
BRDA:61,14,0,0
BRDA:61,14,1,0
BRDA:65,15,0,0
BRDA:65,15,1,0
BRDA:66,16,0,0
BRDA:66,16,1,0
BRDA:73,17,0,0
BRDA:73,17,1,0
BRDA:74,18,0,0
BRDA:74,18,1,0
BRF:38
BRH:0
end_of_record
TN:
SF:/Volumes/weipengcheng/npm-package/city-region/dist/webpack:/city-region/node_modules/.pnpm/registry.npmmirror.com+css-loader@6.8.1_webpack@5.88.1/node_modules/css-loader/dist/runtime/noSourceMaps.js
FN:3,(anonymous_11)
FNF:1
FNH:0
FNDA:0,(anonymous_11)
DA:3,1
DA:4,0
LF:2
LH:1
BRF:0
BRH:0
end_of_record
TN:
SF:/Volumes/weipengcheng/npm-package/city-region/dist/webpack:/city-region/node_modules/.pnpm/registry.npmmirror.com+vue-loader@15.10.1_babel-core@7.0.0-bridge.0_css-loader@6.8.1_vue-temp_dxlgnetct5kl6wolsqzw234lpm/node_modules/vue-loader/lib/runtime/componentNormalizer.js
FN:7,normalizeComponent
FN:41,(anonymous_54)
FN:65,(anonymous_55)
FN:81,renderWithStyleInjection
FNF:4
FNH:1
FNDA:3,normalizeComponent
FNDA:0,(anonymous_54)
FNDA:0,(anonymous_55)
FNDA:0,renderWithStyleInjection
DA:19,3
DA:22,3
DA:23,3
DA:24,3
DA:25,3
DA:29,3
DA:30,0
DA:34,3
DA:35,2
DA:39,3
DA:41,0
DA:43,0
DA:48,0
DA:49,0
DA:52,0
DA:53,0
DA:56,0
DA:57,0
DA:62,0
DA:63,3
DA:64,0
DA:66,0
DA:74,3
DA:75,0
DA:78,0
DA:80,0
DA:81,0
DA:82,0
DA:83,0
DA:87,0
DA:88,0
DA:92,3
LF:32
LH:12
BRDA:19,0,0,0
BRDA:19,0,1,3
BRDA:22,1,0,3
BRDA:22,1,1,0
BRDA:29,2,0,0
BRDA:29,2,1,3
BRDA:34,3,0,2
BRDA:34,3,1,1
BRDA:39,4,0,0
BRDA:39,4,1,3
BRDA:44,5,0,0
BRDA:44,5,1,0
BRDA:44,5,2,0
BRDA:44,5,3,0
BRDA:44,5,4,0
BRDA:44,5,5,0
BRDA:48,6,0,0
BRDA:48,6,1,0
BRDA:48,7,0,0
BRDA:48,7,1,0
BRDA:52,8,0,0
BRDA:52,8,1,0
BRDA:56,9,0,0
BRDA:56,9,1,0
BRDA:56,10,0,0
BRDA:56,10,1,0
BRDA:63,11,0,0
BRDA:63,11,1,3
BRDA:65,12,0,0
BRDA:65,12,1,0
BRDA:68,13,0,0
BRDA:68,13,1,0
BRDA:74,14,0,0
BRDA:74,14,1,3
BRDA:75,15,0,0
BRDA:75,15,1,0
BRDA:88,16,0,0
BRDA:88,16,1,0
BRF:38
BRH:8
end_of_record
TN:
SF:/Volumes/weipengcheng/npm-package/city-region/dist/webpack:/city-region/node_modules/.pnpm/registry.npmmirror.com+vue-style-loader@4.1.3/node_modules/vue-style-loader/lib/addStylesClient.js
FN:44,(anonymous_17)
FN:52,addStylesClient
FN:60,update
FN:86,addStylesToDom
FN:111,createStyleElement
FN:118,addStyle
FN:147,(anonymous_23)
FN:154,updateStyle
FN:168,(anonymous_25)
FN:171,(anonymous_26)
FN:177,applyToSingletonTag
FN:194,applyToTag
FNF:12
FNH:6
FNDA:0,(anonymous_17)
FNDA:2,addStylesClient
FNDA:0,update
FNDA:2,addStylesToDom
FNDA:2,createStyleElement
FNDA:2,addStyle
FNDA:0,(anonymous_23)
FNDA:0,updateStyle
FNDA:1,(anonymous_25)
FNDA:0,(anonymous_26)
FNDA:0,applyToSingletonTag
FNDA:2,applyToTag
DA:9,1
DA:11,1
DA:12,0
DA:13,0
DA:32,1
DA:40,1
DA:41,1
DA:42,1
DA:43,1
DA:44,1
DA:45,1
DA:46,1
DA:50,1
DA:53,2
DA:55,2
DA:57,2
DA:58,2
DA:60,2
DA:61,0
DA:62,0
DA:63,0
DA:64,0
DA:65,0
DA:66,0
DA:68,0
DA:69,0
DA:70,0
DA:72,0
DA:74,0
DA:75,0
DA:76,0
DA:77,0
DA:78,0
DA:80,0
DA:87,2
DA:88,2
DA:89,2
DA:90,2
DA:91,0
DA:92,0
DA:93,0
DA:95,0
DA:96,0
DA:98,0
DA:99,0
DA:102,2
DA:103,2
DA:104,2
DA:106,2
DA:112,2
DA:113,2
DA:114,2
DA:115,2
DA:120,2
DA:122,2
DA:123,0
DA:126,0
DA:133,0
DA:137,2
DA:139,0
DA:140,0
DA:141,0
DA:142,0
DA:145,2
DA:146,2
DA:147,2
DA:148,0
DA:152,2
DA:154,2
DA:155,0
DA:156,0
DA:159,0
DA:161,0
DA:163,0
DA:168,1
DA:169,1
DA:171,1
DA:172,0
DA:173,0
DA:178,0
DA:180,0
DA:181,0
DA:183,0
DA:184,0
DA:185,0
DA:186,0
DA:187,0
DA:189,0
DA:195,2
DA:196,2
DA:197,2
DA:199,2
DA:200,0
DA:202,2
DA:203,0
DA:206,2
DA:209,0
DA:211,0
DA:214,2
DA:215,0
DA:217,2
DA:218,0
DA:220,2
LF:103
LH:48
BRDA:11,0,0,0
BRDA:11,0,1,1
BRDA:11,1,0,1
BRDA:11,1,1,0
BRDA:12,2,0,0
BRDA:12,2,1,0
BRDA:40,3,0,1
BRDA:40,3,1,1
BRDA:40,3,2,0
BRDA:50,4,0,1
BRDA:50,4,1,1
BRDA:55,5,0,2
BRDA:55,5,1,0
BRDA:68,6,0,0
BRDA:68,6,1,0
BRDA:76,7,0,0
BRDA:76,7,1,0
BRDA:90,8,0,0
BRDA:90,8,1,2
BRDA:98,9,0,0
BRDA:98,9,1,0
BRDA:122,10,0,0
BRDA:122,10,1,2
BRDA:123,11,0,0
BRDA:123,11,1,0
BRDA:137,12,0,0
BRDA:137,12,1,2
BRDA:140,13,0,0
BRDA:140,13,1,0
BRDA:155,14,0,0
BRDA:155,14,1,0
BRDA:156,15,0,0
BRDA:156,15,1,0
BRDA:156,16,0,0
BRDA:156,16,1,0
BRDA:156,16,2,0
BRDA:178,17,0,0
BRDA:178,17,1,0
BRDA:180,18,0,0
BRDA:180,18,1,0
BRDA:185,19,0,0
BRDA:185,19,1,0
BRDA:186,20,0,0
BRDA:186,20,1,0
BRDA:199,21,0,0
BRDA:199,21,1,2
BRDA:202,22,0,0
BRDA:202,22,1,2
BRDA:206,23,0,0
BRDA:206,23,1,2
BRDA:214,24,0,0
BRDA:214,24,1,2
BRF:52
BRH:14
end_of_record
TN:
SF:/Volumes/weipengcheng/npm-package/city-region/dist/webpack:/city-region/node_modules/.pnpm/registry.npmmirror.com+vue-style-loader@4.1.3/node_modules/vue-style-loader/lib/listToStyles.js
FN:5,listToStyles
FNF:1
FNH:1
FNDA:2,listToStyles
DA:6,2
DA:7,2
DA:8,2
DA:9,2
DA:10,2
DA:11,2
DA:12,2
DA:13,2
DA:14,2
DA:20,2
DA:21,2
DA:23,0
DA:26,2
LF:13
LH:12
BRDA:20,0,0,2
BRDA:20,0,1,0
BRF:2
BRH:1
end_of_record
TN:
SF:/Volumes/weipengcheng/npm-package/city-region/dist/webpack:/city-region/src/components/index.js
FN:4,(anonymous_81)
FNF:1
FNH:0
FNDA:0,(anonymous_81)
DA:4,1
DA:5,0
DA:13,1
LF:3
LH:2
BRF:0
BRH:0
end_of_record
TN:
SF:/Volumes/weipengcheng/npm-package/city-region/dist/webpack:/city-region/src/components/Svg/CloseIcon.vue
FNF:0
FNH:0
DA:2,1
DA:9,1
DA:20,1
LF:3
LH:3
BRF:0
BRH:0
end_of_record
TN:
SF:/Volumes/weipengcheng/npm-package/city-region/dist/webpack:/city-region/src/components/Svg/CloseIcon.vue?14a3
FNF:0
FNH:0
DA:4,1
DA:5,2
DA:6,1
DA:7,1
DA:9,1
DA:10,1
LF:6
LH:6
BRDA:5,0,0,1
BRDA:5,0,1,0
BRDA:6,1,0,0
BRDA:6,1,1,1
BRDA:7,2,0,0
BRDA:7,2,1,1
BRF:6
BRH:3
end_of_record
TN:
SF:/Volumes/weipengcheng/npm-package/city-region/dist/webpack:/city-region/src/components/Svg/CloseIcon.vue?6a91
FNF:0
FNH:0
DA:1,1
LF:1
LH:1
BRF:0
BRH:0
end_of_record
TN:
SF:/Volumes/weipengcheng/npm-package/city-region/dist/webpack:/city-region/src/components/Svg/CloseIcon.vue?9afa
FNF:0
FNH:0
DA:4,1
DA:6,1
DA:8,1
LF:3
LH:3
BRF:0
BRH:0
end_of_record
TN:
SF:/Volumes/weipengcheng/npm-package/city-region/dist/webpack:/city-region/src/components/Svg/CloseIcon.vue?c793
FN:1,(anonymous_57)
FNF:1
FNH:1
FNDA:1,(anonymous_57)
DA:1,1
DA:2,1
LF:2
LH:2
BRDA:1,0,0,1
BRDA:1,0,1,0
BRF:2
BRH:1
end_of_record
TN:
SF:/Volumes/weipengcheng/npm-package/city-region/dist/webpack:/city-region/src/components/Svg/DropdownIcon.vue
FNF:0
FNH:0
DA:2,1
DA:8,1
DA:19,1
LF:3
LH:3
BRF:0
BRH:0
end_of_record
TN:
SF:/Volumes/weipengcheng/npm-package/city-region/dist/webpack:/city-region/src/components/Svg/DropdownIcon.vue?0680
FNF:0
FNH:0
DA:1,1
LF:1
LH:1
BRF:0
BRH:0
end_of_record
TN:
SF:/Volumes/weipengcheng/npm-package/city-region/dist/webpack:/city-region/src/components/Svg/DropdownIcon.vue?566e
FN:1,(anonymous_52)
FNF:1
FNH:1
FNDA:2,(anonymous_52)
DA:1,2
DA:2,1
LF:2
LH:2
BRDA:1,0,0,2
BRDA:1,0,1,0
BRF:2
BRH:1
end_of_record
TN:
SF:/Volumes/weipengcheng/npm-package/city-region/dist/webpack:/city-region/src/components/XltRegion/index.vue
FN:21,(anonymous_58)
FN:32,(anonymous_59)
FN:73,(anonymous_60)
FN:86,(anonymous_61)
FN:93,(anonymous_62)
FN:105,(anonymous_63)
FN:113,(anonymous_64)
FN:170,(anonymous_65)
FN:174,(anonymous_66)
FN:187,(anonymous_67)
FN:191,(anonymous_68)
FN:197,(anonymous_69)
FN:228,(anonymous_70)
FN:242,(anonymous_71)
FN:246,(anonymous_72)
FN:253,(anonymous_73)
FN:292,(anonymous_74)
FN:314,(anonymous_75)
FN:329,(anonymous_76)
FN:330,(anonymous_77)
FN:333,(anonymous_78)
FN:350,(anonymous_79)
FN:352,(anonymous_80)
FNF:23
FNH:19
FNDA:1,(anonymous_58)
FNDA:1,(anonymous_59)
FNDA:12,(anonymous_60)
FNDA:1,(anonymous_61)
FNDA:1,(anonymous_62)
FNDA:3,(anonymous_63)
FNDA:3,(anonymous_64)
FNDA:3,(anonymous_65)
FNDA:4,(anonymous_66)
FNDA:3,(anonymous_67)
FNDA:0,(anonymous_68)
FNDA:5,(anonymous_69)
FNDA:5,(anonymous_70)
FNDA:5,(anonymous_71)
FNDA:0,(anonymous_72)
FNDA:4,(anonymous_73)
FNDA:4,(anonymous_74)
FNDA:12,(anonymous_75)
FNDA:8,(anonymous_76)
FNDA:77778,(anonymous_77)
FNDA:1,(anonymous_78)
FNDA:0,(anonymous_79)
FNDA:0,(anonymous_80)
DA:7,1
DA:9,1
DA:20,1
DA:21,1
DA:33,1
DA:74,12
DA:75,12
DA:76,48
DA:77,24
DA:78,24
DA:79,21
DA:83,12
DA:84,12
DA:87,1
DA:94,1
DA:95,1
DA:96,1
DA:98,0
DA:100,1
DA:107,3
DA:114,3
DA:115,3
DA:116,3
DA:117,3
DA:118,3
DA:119,3
DA:120,3
DA:121,3
DA:122,3
DA:123,2
DA:124,2
DA:125,2
DA:126,2
DA:128,1
DA:129,1
DA:130,1
DA:132,3
DA:133,2
DA:134,2
DA:135,2
DA:136,2
DA:138,3
DA:139,2
DA:140,2
DA:141,2
DA:142,2
DA:144,3
DA:145,2
DA:146,2
DA:147,2
DA:148,2
DA:150,3
DA:156,3
DA:171,3
DA:172,3
DA:173,1
DA:174,1
DA:175,4
DA:178,2
DA:180,3
DA:188,3
DA:189,3
DA:192,0
DA:198,5
DA:204,5
DA:205,5
DA:206,4
DA:207,4
DA:209,5
DA:210,3
DA:211,3
DA:213,5
DA:214,2
DA:215,2
DA:218,5
DA:219,1
DA:220,1
DA:222,5
DA:223,5
DA:229,5
DA:230,5
DA:234,5
DA:235,5
DA:237,5
DA:238,5
DA:240,5
DA:243,5
DA:244,5
DA:247,0
DA:254,4
DA:255,1
DA:256,1
DA:257,1
DA:258,1
DA:259,1
DA:260,1
DA:261,1
DA:262,3
DA:263,1
DA:264,1
DA:265,1
DA:266,1
DA:267,1
DA:268,0
DA:270,1
DA:271,1
DA:273,2
DA:274,1
DA:275,1
DA:276,1
DA:277,1
DA:278,0
DA:280,1
DA:281,1
DA:283,1
DA:284,1
DA:285,1
DA:293,4
DA:300,4
DA:307,4
DA:314,12
DA:315,12
DA:316,12
DA:317,517632
DA:318,517632
DA:319,209
DA:322,12
DA:330,77786
DA:334,1
DA:340,1
DA:346,1
DA:347,1
DA:353,0
DA:354,0
LF:134
LH:127
BRDA:17,0,0,0
BRDA:17,0,1,1
BRDA:69,1,0,0
BRDA:69,1,1,1
BRDA:76,2,0,24
BRDA:76,2,1,24
BRDA:78,3,0,21
BRDA:78,3,1,3
BRDA:83,4,0,6
BRDA:83,4,1,6
BRDA:84,5,0,9
BRDA:84,5,1,3
BRDA:87,6,0,1
BRDA:87,6,1,0
BRDA:94,7,0,1
BRDA:94,7,1,0
BRDA:95,8,0,1
BRDA:95,8,1,0
BRDA:95,9,0,1
BRDA:95,9,1,1
BRDA:122,10,0,2
BRDA:122,10,1,1
BRDA:123,11,0,2
BRDA:123,11,1,0
BRDA:132,12,0,2
BRDA:132,12,1,1
BRDA:133,13,0,2
BRDA:133,13,1,0
BRDA:138,14,0,2
BRDA:138,14,1,1
BRDA:139,15,0,2
BRDA:139,15,1,0
BRDA:144,16,0,2
BRDA:144,16,1,1
BRDA:145,17,0,2
BRDA:145,17,1,0
BRDA:172,18,0,1
BRDA:172,18,1,2
BRDA:175,19,0,4
BRDA:175,19,1,0
BRDA:205,20,0,4
BRDA:205,20,1,1
BRDA:209,21,0,3
BRDA:209,21,1,2
BRDA:213,22,0,2
BRDA:213,22,1,3
BRDA:218,23,0,1
BRDA:218,23,1,4
BRDA:234,24,0,5
BRDA:234,24,1,0
BRDA:234,25,0,5
BRDA:234,25,1,5
BRDA:237,26,0,5
BRDA:237,26,1,0
BRDA:240,27,0,0
BRDA:240,27,1,5
BRDA:254,28,0,1
BRDA:254,28,1,3
BRDA:262,29,0,1
BRDA:262,29,1,2
BRDA:267,30,0,0
BRDA:267,30,1,1
BRDA:273,31,0,1
BRDA:273,31,1,1
BRDA:277,32,0,0
BRDA:277,32,1,1
BRDA:283,33,0,1
BRDA:283,33,1,0
BRDA:294,34,0,1
BRDA:294,34,1,3
BRDA:295,35,0,6
BRDA:295,35,1,5
BRDA:296,36,0,3
BRDA:296,36,1,1
BRDA:296,37,0,4
BRDA:296,37,1,3
BRDA:296,37,2,2
BRDA:297,38,0,4
BRDA:297,38,1,0
BRDA:297,39,0,4
BRDA:297,39,1,3
BRDA:297,39,2,2
BRDA:297,39,3,1
BRDA:302,40,0,1
BRDA:302,40,1,3
BRDA:303,41,0,6
BRDA:303,41,1,5
BRDA:304,42,0,3
BRDA:304,42,1,1
BRDA:304,43,0,4
BRDA:304,43,1,3
BRDA:304,43,2,2
BRDA:314,44,0,21
BRDA:314,44,1,12
BRDA:318,45,0,209
BRDA:318,45,1,517423
BRDA:353,46,0,0
BRDA:353,46,1,0
BRF:98
BRH:79
end_of_record
TN:
SF:/Volumes/weipengcheng/npm-package/city-region/dist/webpack:/city-region/src/components/XltRegion/index.vue?71df
FNF:0
FNH:0
DA:1,1
LF:1
LH:1
BRF:0
BRH:0
end_of_record
TN:
SF:/Volumes/weipengcheng/npm-package/city-region/dist/webpack:/city-region/src/components/XltRegion/index.vue?7aeb
FNF:0
FNH:0
DA:4,1
DA:6,1
DA:8,1
LF:3
LH:3
BRF:0
BRH:0
end_of_record
TN:
SF:/Volumes/weipengcheng/npm-package/city-region/dist/webpack:/city-region/src/components/XltRegion/index.vue?b4cd
FNF:0
FNH:0
DA:4,1
DA:5,2
DA:6,1
DA:7,1
DA:9,1
DA:10,1
LF:6
LH:6
BRDA:5,0,0,1
BRDA:5,0,1,0
BRDA:6,1,0,0
BRDA:6,1,1,1
BRDA:7,2,0,0
BRDA:7,2,1,1
BRF:6
BRH:3
end_of_record
TN:
SF:/Volumes/weipengcheng/npm-package/city-region/dist/webpack:/city-region/src/components/XltRegion/index.vue?b977
FN:1,(anonymous_44)
FN:1,(anonymous_45)
FN:1,(anonymous_46)
FN:1,(anonymous_47)
FN:4,(anonymous_48)
FN:4,(anonymous_49)
FN:4,(anonymous_50)
FN:4,(anonymous_51)
FNF:8
FNH:7
FNDA:15,(anonymous_44)
FNDA:1,(anonymous_45)
FNDA:0,(anonymous_46)
FNDA:60,(anonymous_47)
FNDA:3,(anonymous_48)
FNDA:4,(anonymous_49)
FNDA:265,(anonymous_50)
FNDA:4,(anonymous_51)
DA:1,60
DA:4,265
DA:5,1
LF:3
LH:3
BRDA:1,0,0,15
BRDA:1,0,1,0
BRDA:1,1,0,12
BRDA:1,1,1,3
BRDA:1,2,0,15
BRDA:1,2,1,15
BRDA:4,3,0,60
BRDA:4,3,1,15
BRDA:4,4,0,60
BRDA:4,4,1,15
BRDA:4,5,0,60
BRDA:4,5,1,15
BRDA:4,6,0,60
BRDA:4,6,1,15
BRDA:4,7,0,6
BRDA:4,7,1,259
BRF:16
BRH:15
end_of_record
TN:
SF:/Volumes/weipengcheng/npm-package/city-region/dist/webpack:/city-region/webpack/bootstrap
FN:5,__webpack_require__
FNF:1
FNH:1
FNDA:10,__webpack_require__
DA:2,1
DA:7,10
DA:8,10
DA:9,3
DA:12,7
DA:19,7
DA:22,7
LF:7
LH:7
BRDA:8,0,0,3
BRDA:8,0,1,7
BRF:2
BRH:2
end_of_record
TN:
SF:/Volumes/weipengcheng/npm-package/city-region/dist/webpack:/city-region/webpack/universalModuleDefinition
FN:1,webpackUniversalModuleDefinition
FNF:1
FNH:1
FNDA:1,webpackUniversalModuleDefinition
DA:2,1
DA:3,1
DA:4,0
DA:5,0
DA:6,0
DA:7,0
DA:9,0
LF:7
LH:2
BRDA:2,0,0,1
BRDA:2,0,1,0
BRDA:2,1,0,1
BRDA:2,1,1,1
BRDA:4,2,0,0
BRDA:4,2,1,0
BRDA:4,3,0,0
BRDA:4,3,1,0
BRDA:6,4,0,0
BRDA:6,4,1,0
BRDA:10,5,0,1
BRDA:10,5,1,0
BRF:12
BRH:4
end_of_record
TN:
SF:/Volumes/weipengcheng/npm-package/city-region/dist/webpack:/city-region/webpack/runtime/compat get default export
FN:2,(anonymous_31)
FN:4,(anonymous_32)
FN:5,(anonymous_33)
FNF:3
FNH:2
FNDA:4,(anonymous_31)
FNDA:0,(anonymous_32)
FNDA:4,(anonymous_33)
DA:2,1
DA:3,4
DA:4,0
DA:5,4
DA:6,4
DA:7,4
LF:6
LH:5
BRDA:4,0,0,0
BRDA:4,0,1,4
BRDA:3,1,0,4
BRDA:3,1,1,4
BRF:4
BRH:3
end_of_record
TN:
SF:/Volumes/weipengcheng/npm-package/city-region/dist/webpack:/city-region/webpack/runtime/define property getters
FN:2,(anonymous_35)
FNF:1
FNH:1
FNDA:6,(anonymous_35)
DA:2,1
DA:3,6
DA:4,7
DA:5,7
LF:4
LH:4
BRDA:4,0,0,7
BRDA:4,0,1,0
BRDA:4,1,0,7
BRDA:4,1,1,7
BRF:4
BRH:3
end_of_record
TN:
SF:/Volumes/weipengcheng/npm-package/city-region/dist/webpack:/city-region/webpack/runtime/hasOwnProperty shorthand
FN:1,(anonymous_37)
FNF:1
FNH:1
FNDA:14,(anonymous_37)
DA:1,14
LF:1
LH:1
BRF:0
BRH:0
end_of_record
TN:
SF:/Volumes/weipengcheng/npm-package/city-region/dist/webpack:/city-region/webpack/runtime/make namespace object
FN:2,(anonymous_39)
FNF:1
FNH:1
FNDA:3,(anonymous_39)
DA:2,1
DA:3,3
DA:4,3
DA:6,3
LF:4
LH:4
BRDA:3,0,0,3
BRDA:3,0,1,0
BRDA:3,1,0,3
BRDA:3,1,1,3
BRF:4
BRH:3
end_of_record
TN:
SF:/Volumes/weipengcheng/npm-package/city-region/dist/webpack:/city-region/webpack/runtime/publicPath
FNF:0
FNH:0
DA:1,1
LF:1
LH:1
BRF:0
BRH:0
end_of_record
